Started GET "/" for 127.0.0.1 at 2026-05-03 19:19:46 +0900
  [1m[35m (0.7ms)[0m  [1m[35mCREATE TABLE "schema_migrations" ("version" varchar NOT NULL PRIMARY KEY) /*application='Qanda'*/[0m
  [1m[35m (0.1ms)[0m  [1m[35mCREATE TABLE "ar_internal_metadata" ("key" varchar NOT NULL PRIMARY KEY, "value" varchar, "created_at" datetime(6) NOT NULL, "updated_at" datetime(6) NOT NULL) /*application='Qanda'*/[0m
  [1m[36mActiveRecord::SchemaMigration Load (0.2ms)[0m  [1m[34mSELECT "schema_migrations"."version" FROM "schema_migrations" ORDER BY "schema_migrations"."version" ASC /*application='Qanda'*/[0m
Processing by Rails::WelcomeController#index as HTML
  Rendering /Users/kota/.rbenv/versions/3.3.11/lib/ruby/gems/3.3.0/gems/railties-8.1.3/lib/rails/templates/rails/welcome/index.html.erb
  Rendered /Users/kota/.rbenv/versions/3.3.11/lib/ruby/gems/3.3.0/gems/railties-8.1.3/lib/rails/templates/rails/welcome/index.html.erb (Duration: 0.4ms | GC: 0.0ms)
Completed 200 OK in 38ms (Views: 14.3ms | ActiveRecord: 0.0ms (0 queries, 0 cached) | GC: 0.5ms)


  [1m[36mActiveRecord::InternalMetadata Load (0.8ms)[0m  [1m[34mSELECT * FROM "ar_internal_metadata" WHERE "ar_internal_metadata"."key" = 'environment' ORDER BY "ar_internal_metadata"."key" ASC LIMIT 1 /*application='Qanda'*/[0m
  [1m[36mActiveRecord::InternalMetadata Create (0.5ms)[0m  [1m[32mINSERT INTO "ar_internal_metadata" ("key", "value", "created_at", "updated_at") VALUES ('environment', 'development', '2026-05-03 10:25:37.123705', '2026-05-03 10:25:37.123708') RETURNING "key" /*application='Qanda'*/[0m
  [1m[36mActiveRecord::SchemaMigration Load (0.0ms)[0m  [1m[34mSELECT "schema_migrations"."version" FROM "schema_migrations" ORDER BY "schema_migrations"."version" ASC /*application='Qanda'*/[0m
Migrating to CreateQuestions (20260503102423)
  [1m[36mTRANSACTION (0.0ms)[0m  [1m[35mBEGIN immediate TRANSACTION /*application='Qanda'*/[0m
  [1m[35m (0.8ms)[0m  [1m[35mCREATE TABLE "questions" ("id" integer PRIMARY KEY AUTOINCREMENT NOT NULL, "name" varchar, "title" varchar, "content" text, "created_at" datetime(6) NOT NULL, "updated_at" datetime(6) NOT NULL) /*application='Qanda'*/[0m
  [1m[36mActiveRecord::SchemaMigration Create (0.0ms)[0m  [1m[32mINSERT INTO "schema_migrations" ("version") VALUES ('20260503102423') RETURNING "version" /*application='Qanda'*/[0m
  [1m[36mTRANSACTION (0.1ms)[0m  [1m[35mCOMMIT TRANSACTION /*application='Qanda'*/[0m
  [1m[36mActiveRecord::SchemaMigration Load (0.0ms)[0m  [1m[34mSELECT "schema_migrations"."version" FROM "schema_migrations" ORDER BY "schema_migrations"."version" ASC /*application='Qanda'*/[0m
Started GET "/" for 127.0.0.1 at 2026-05-03 19:37:24 +0900
  [1m[36mActiveRecord::SchemaMigration Load (0.2ms)[0m  [1m[34mSELECT "schema_migrations"."version" FROM "schema_migrations" ORDER BY "schema_migrations"."version" ASC /*application='Qanda'*/[0m
Processing by Rails::WelcomeController#index as HTML
  Rendering /Users/kota/.rbenv/versions/3.3.11/lib/ruby/gems/3.3.0/gems/railties-8.1.3/lib/rails/templates/rails/welcome/index.html.erb
  Rendered /Users/kota/.rbenv/versions/3.3.11/lib/ruby/gems/3.3.0/gems/railties-8.1.3/lib/rails/templates/rails/welcome/index.html.erb (Duration: 0.5ms | GC: 0.0ms)
Completed 200 OK in 8ms (Views: 2.3ms | ActiveRecord: 0.0ms (0 queries, 0 cached) | GC: 0.0ms)


Started GET "/new" for 127.0.0.1 at 2026-05-03 19:37:28 +0900
  
ActionController::RoutingError (No route matches [GET] "/new"):
  
Started GET "/questions/new" for 127.0.0.1 at 2026-05-03 19:37:34 +0900
Processing by QuestionsController#new as HTML
  Rendering layout layouts/application.html.erb
  Rendering questions/new.html.erb within layouts/application
  Rendered questions/new.html.erb within layouts/application (Duration: 0.2ms | GC: 0.0ms)
  Rendered layout layouts/application.html.erb (Duration: 10.6ms | GC: 0.6ms)
Completed 200 OK in 50ms (Views: 12.7ms | ActiveRecord: 0.0ms (0 queries, 0 cached) | GC: 2.5ms)


Started GET "/questions/new" for 127.0.0.1 at 2026-05-03 19:40:05 +0900
Processing by QuestionsController#new as HTML
  Rendering layout layouts/application.html.erb
  Rendering questions/new.html.erb within layouts/application
  Rendered questions/new.html.erb within layouts/application (Duration: 4.7ms | GC: 0.0ms)
  Rendered layout layouts/application.html.erb (Duration: 5.4ms | GC: 0.0ms)
Completed 500 Internal Server Error in 12ms (ActiveRecord: 0.0ms (0 queries, 0 cached) | GC: 0.0ms)


  
ActionView::Template::Error (Passed nil to the :model argument, expect an object or false)
Caused by: ArgumentError (Passed nil to the :model argument, expect an object or false)

Information for: ActionView::Template::Error (Passed nil to the :model argument, expect an object or false):
    1: <h1>New question</h1>
    2: <%= form_with model: @question do |form| %>
    3:     <div>
    4:         <%= form.label :title %><br>
    5:         <%= form.text_field :title %>
    6:     </div>
  
app/views/questions/new.html.erb:3

Information for cause: ArgumentError (Passed nil to the :model argument, expect an object or false):
  
app/views/questions/new.html.erb:3
Started GET "/questions/new" for 127.0.0.1 at 2026-05-03 19:41:41 +0900
Processing by QuestionsController#new as HTML
  Rendering layout layouts/application.html.erb
  Rendering questions/new.html.erb within layouts/application
  Rendered questions/new.html.erb within layouts/application (Duration: 2.8ms | GC: 2.1ms)
  Rendered layout layouts/application.html.erb (Duration: 3.4ms | GC: 2.6ms)
Completed 500 Internal Server Error in 8ms (ActiveRecord: 0.0ms (0 queries, 0 cached) | GC: 4.1ms)


  
ActionView::Template::Error (Passed nil to the :model argument, expect an object or false)
Caused by: ArgumentError (Passed nil to the :model argument, expect an object or false)

Information for: ActionView::Template::Error (Passed nil to the :model argument, expect an object or false):
    1: <h1>New question</h1>
    2: <%= form_with model: @question do |form| %>
    3:     <div>
    4:         <%= form.label :title %><br>
    5:         <%= form.text_field :title %>
    6:     </div>
  
app/views/questions/new.html.erb:3

Information for cause: ArgumentError (Passed nil to the :model argument, expect an object or false):
  
app/views/questions/new.html.erb:3
Started GET "/questions/new" for 127.0.0.1 at 2026-05-03 19:42:51 +0900
Processing by QuestionsController#new as HTML
  Rendering layout layouts/application.html.erb
  Rendering questions/new.html.erb within layouts/application
  Rendered questions/new.html.erb within layouts/application (Duration: 4.5ms | GC: 0.1ms)
  Rendered layout layouts/application.html.erb (Duration: 6.6ms | GC: 0.1ms)
Completed 200 OK in 34ms (Views: 8.3ms | ActiveRecord: 3.4ms (0 queries, 0 cached) | GC: 2.6ms)


Started POST "/questions" for 127.0.0.1 at 2026-05-03 19:47:50 +0900
Processing by QuestionsController#create as TURBO_STREAM
  Parameters: {"authenticity_token"=>"[FILTERED]", "question"=>{"title"=>"aaa", "name"=>"aaa", "content"=>"sasasa"}, "commit"=>"Create Question"}
No template found for QuestionsController#create, rendering head :no_content
Completed 204 No Content in 2ms (ActiveRecord: 0.0ms (0 queries, 0 cached) | GC: 0.0ms)


Started GET "/questions/new" for 127.0.0.1 at 2026-05-03 19:50:36 +0900
Processing by QuestionsController#new as HTML
  Rendering layout layouts/application.html.erb
  Rendering questions/new.html.erb within layouts/application
  Rendered questions/new.html.erb within layouts/application (Duration: 2.6ms | GC: 0.0ms)
  Rendered layout layouts/application.html.erb (Duration: 5.8ms | GC: 0.0ms)
Completed 200 OK in 12ms (Views: 7.3ms | ActiveRecord: 0.7ms (0 queries, 0 cached) | GC: 0.0ms)


Started GET "/.well-known/appspecific/com.chrome.devtools.json" for 127.0.0.1 at 2026-05-03 19:50:43 +0900
  
ActionController::RoutingError (No route matches [GET] "/.well-known/appspecific/com.chrome.devtools.json"):
  
Started POST "/questions" for 127.0.0.1 at 2026-05-03 19:50:54 +0900
Processing by QuestionsController#create as TURBO_STREAM
  Parameters: {"authenticity_token"=>"[FILTERED]", "question"=>{"title"=>"aaaa", "ndajdasjf"=>"sadasdsa", "content"=>"adad"}, "commit"=>"Create Question"}
[31mUnpermitted parameter: :ndajdasjf. Context: { controller: QuestionsController, action: create, request: #<ActionDispatch::Request:0x0000000125a00fc0>, params: {"authenticity_token"=>"[FILTERED]", "question"=>{"title"=>"aaaa", "ndajdasjf"=>"sadasdsa", "content"=>"adad"}, "commit"=>"Create Question", "controller"=>"questions", "action"=>"create"} }[0m
No template found for QuestionsController#create, rendering head :no_content
Completed 204 No Content in 3ms (ActiveRecord: 0.0ms (0 queries, 0 cached) | GC: 0.0ms)


Started POST "/questions" for 127.0.0.1 at 2026-05-03 19:53:28 +0900
Processing by QuestionsController#create as TURBO_STREAM
  Parameters: {"authenticity_token"=>"[FILTERED]", "question"=>{"title"=>"aaa", "ndajdasjf"=>"bbb", "content"=>"ccc"}, "commit"=>"Create Question"}
[31mUnpermitted parameter: :ndajdasjf. Context: { controller: QuestionsController, action: create, request: #<ActionDispatch::Request:0x000000012528c1e0>, params: {"authenticity_token"=>"[FILTERED]", "question"=>{"title"=>"aaa", "ndajdasjf"=>"bbb", "content"=>"ccc"}, "commit"=>"Create Question", "controller"=>"questions", "action"=>"create"} }[0m
  [1m[36mTRANSACTION (0.1ms)[0m  [1m[35mBEGIN immediate TRANSACTION /*action='create',application='Qanda',controller='questions'*/[0m
  ↳ app/controllers/questions_controller.rb:21:in `create'
  [1m[36mQuestion Create (1.5ms)[0m  [1m[32mINSERT INTO "questions" ("name", "title", "content", "created_at", "updated_at") VALUES (NULL, 'aaa', 'ccc', '2026-05-03 10:53:28.250841', '2026-05-03 10:53:28.250841') RETURNING "id" /*action='create',application='Qanda',controller='questions'*/[0m
  ↳ app/controllers/questions_controller.rb:21:in `create'
  [1m[36mTRANSACTION (0.2ms)[0m  [1m[35mCOMMIT TRANSACTION /*action='create',application='Qanda',controller='questions'*/[0m
  ↳ app/controllers/questions_controller.rb:21:in `create'
Redirected to http://127.0.0.1:3000/questions/1
↳ app/controllers/questions_controller.rb:23:in `create'
Completed 302 Found in 14ms (ActiveRecord: 3.3ms (1 query, 0 cached) | GC: 1.4ms)


Started GET "/questions/1" for 127.0.0.1 at 2026-05-03 19:53:28 +0900
Processing by QuestionsController#show as TURBO_STREAM
  Parameters: {"id"=>"1"}
No template found for QuestionsController#show, rendering head :no_content
Completed 204 No Content in 1ms (ActiveRecord: 0.0ms (0 queries, 0 cached) | GC: 0.0ms)


Started POST "/questions" for 127.0.0.1 at 2026-05-03 19:55:28 +0900
  [1m[36mActiveRecord::SchemaMigration Load (0.4ms)[0m  [1m[34mSELECT "schema_migrations"."version" FROM "schema_migrations" ORDER BY "schema_migrations"."version" ASC /*application='Qanda'*/[0m
Processing by QuestionsController#create as TURBO_STREAM
  Parameters: {"authenticity_token"=>"[FILTERED]", "question"=>{"title"=>"aaa", "ndajdasjf"=>"bbb", "content"=>"ccc"}, "commit"=>"Create Question"}
[31mUnpermitted parameter: :ndajdasjf. Context: { controller: QuestionsController, action: create, request: #<ActionDispatch::Request:0x00000001274a7630>, params: {"authenticity_token"=>"[FILTERED]", "question"=>{"title"=>"aaa", "ndajdasjf"=>"bbb", "content"=>"ccc"}, "commit"=>"Create Question", "controller"=>"questions", "action"=>"create"} }[0m
  [1m[36mTRANSACTION (0.1ms)[0m  [1m[35mBEGIN immediate TRANSACTION /*action='create',application='Qanda',controller='questions'*/[0m
  ↳ app/controllers/questions_controller.rb:21:in `create'
  [1m[36mQuestion Create (1.0ms)[0m  [1m[32mINSERT INTO "questions" ("name", "title", "content", "created_at", "updated_at") VALUES (NULL, 'aaa', 'ccc', '2026-05-03 10:55:28.146697', '2026-05-03 10:55:28.146697') RETURNING "id" /*action='create',application='Qanda',controller='questions'*/[0m
  ↳ app/controllers/questions_controller.rb:21:in `create'
  [1m[36mTRANSACTION (0.2ms)[0m  [1m[35mCOMMIT TRANSACTION /*action='create',application='Qanda',controller='questions'*/[0m
  ↳ app/controllers/questions_controller.rb:21:in `create'
Redirected to http://127.0.0.1:3000/questions/2
↳ app/controllers/questions_controller.rb:23:in `create'
Completed 302 Found in 26ms (ActiveRecord: 2.2ms (1 query, 0 cached) | GC: 8.8ms)


Started GET "/questions/2" for 127.0.0.1 at 2026-05-03 19:55:28 +0900
Processing by QuestionsController#show as TURBO_STREAM
  Parameters: {"id"=>"2"}
  Rendering layout layouts/application.html.erb
  Rendering questions/show.html.erb within layouts/application
  Rendered questions/show.html.erb within layouts/application (Duration: 0.8ms | GC: 0.0ms)
  Rendered layout layouts/application.html.erb (Duration: 0.9ms | GC: 0.0ms)
Completed 500 Internal Server Error in 8ms (ActiveRecord: 0.0ms (0 queries, 0 cached) | GC: 0.3ms)


  
ActionView::Template::Error (Passed nil to the :model argument, expect an object or false)
Caused by: ArgumentError (Passed nil to the :model argument, expect an object or false)

Information for: ActionView::Template::Error (Passed nil to the :model argument, expect an object or false):
    1: <h1>Show</h1>
    2: <%= form_with model: @question do |form| %>
    3:     <div>
    4:         <%= form.label :title %><br>
    5:         <%= form.text_field :title %>
    6:     </div>
  
app/views/questions/show.html.erb:3

Information for cause: ArgumentError (Passed nil to the :model argument, expect an object or false):
  
app/views/questions/show.html.erb:3
Started GET "/questions/new" for 127.0.0.1 at 2026-05-03 19:55:48 +0900
Processing by QuestionsController#new as HTML
  Rendering layout layouts/application.html.erb
  Rendering questions/new.html.erb within layouts/application
  Rendered questions/new.html.erb within layouts/application (Duration: 4.1ms | GC: 0.4ms)
  Rendered layout layouts/application.html.erb (Duration: 17.2ms | GC: 1.2ms)
Completed 200 OK in 49ms (Views: 19.8ms | ActiveRecord: 3.0ms (0 queries, 0 cached) | GC: 14.1ms)


Started POST "/questions" for 127.0.0.1 at 2026-05-03 19:55:54 +0900
Processing by QuestionsController#create as TURBO_STREAM
  Parameters: {"authenticity_token"=>"[FILTERED]", "question"=>{"title"=>"aaaa", "name"=>"cccc", "content"=>"bbbb"}, "commit"=>"Create Question"}
  [1m[36mTRANSACTION (0.3ms)[0m  [1m[35mBEGIN immediate TRANSACTION /*action='create',application='Qanda',controller='questions'*/[0m
  ↳ app/controllers/questions_controller.rb:21:in `create'
  [1m[36mQuestion Create (2.0ms)[0m  [1m[32mINSERT INTO "questions" ("name", "title", "content", "created_at", "updated_at") VALUES ('cccc', 'aaaa', 'bbbb', '2026-05-03 10:55:54.945008', '2026-05-03 10:55:54.945008') RETURNING "id" /*action='create',application='Qanda',controller='questions'*/[0m
  ↳ app/controllers/questions_controller.rb:21:in `create'
  [1m[36mTRANSACTION (0.9ms)[0m  [1m[35mCOMMIT TRANSACTION /*action='create',application='Qanda',controller='questions'*/[0m
  ↳ app/controllers/questions_controller.rb:21:in `create'
Redirected to http://127.0.0.1:3000/questions/3
↳ app/controllers/questions_controller.rb:23:in `create'
Completed 302 Found in 8ms (ActiveRecord: 3.1ms (1 query, 0 cached) | GC: 0.0ms)


Started GET "/questions/3" for 127.0.0.1 at 2026-05-03 19:55:54 +0900
Processing by QuestionsController#show as TURBO_STREAM
  Parameters: {"id"=>"3"}
  Rendering layout layouts/application.html.erb
  Rendering questions/show.html.erb within layouts/application
  Rendered questions/show.html.erb within layouts/application (Duration: 0.3ms | GC: 0.0ms)
  Rendered layout layouts/application.html.erb (Duration: 2.0ms | GC: 0.0ms)
Completed 200 OK in 5ms (Views: 2.8ms | ActiveRecord: 0.0ms (0 queries, 0 cached) | GC: 0.2ms)


Started GET "/new" for 127.0.0.1 at 2026-05-03 19:57:13 +0900
  
ActionController::RoutingError (No route matches [GET] "/new"):
  
Started GET "/questions/3" for 127.0.0.1 at 2026-05-03 19:57:19 +0900
Processing by QuestionsController#show as HTML
  Parameters: {"id"=>"3"}
  [1m[36mQuestion Load (0.1ms)[0m  [1m[34mSELECT "questions".* FROM "questions" WHERE "questions"."id" = 3 LIMIT 1 /*action='show',application='Qanda',controller='questions'*/[0m
  ↳ app/controllers/questions_controller.rb:9:in `show'
  Rendering layout layouts/application.html.erb
  Rendering questions/show.html.erb within layouts/application
  Rendered questions/show.html.erb within layouts/application (Duration: 0.2ms | GC: 0.0ms)
  Rendered layout layouts/application.html.erb (Duration: 2.2ms | GC: 0.5ms)
Completed 200 OK in 23ms (Views: 3.5ms | ActiveRecord: 0.9ms (1 query, 0 cached) | GC: 0.7ms)


Started GET "/questions/new" for 127.0.0.1 at 2026-05-03 19:57:19 +0900
Processing by QuestionsController#new as HTML
  Rendering layout layouts/application.html.erb
  Rendering questions/new.html.erb within layouts/application
  Rendered questions/new.html.erb within layouts/application (Duration: 2.4ms | GC: 0.0ms)
  Rendered layout layouts/application.html.erb (Duration: 3.1ms | GC: 0.0ms)
Completed 200 OK in 6ms (Views: 3.6ms | ActiveRecord: 0.0ms (0 queries, 0 cached) | GC: 0.0ms)


Started POST "/questions" for 127.0.0.1 at 2026-05-03 19:57:27 +0900
Processing by QuestionsController#create as TURBO_STREAM
  Parameters: {"authenticity_token"=>"[FILTERED]", "question"=>{"title"=>"aaaa", "name"=>"bbbbbbbb", "content"=>"cccccccccc"}, "commit"=>"Create Question"}
  [1m[36mTRANSACTION (0.1ms)[0m  [1m[35mBEGIN immediate TRANSACTION /*action='create',application='Qanda',controller='questions'*/[0m
  ↳ app/controllers/questions_controller.rb:23:in `create'
  [1m[36mQuestion Create (1.8ms)[0m  [1m[32mINSERT INTO "questions" ("name", "title", "content", "created_at", "updated_at") VALUES ('bbbbbbbb', 'aaaa', 'cccccccccc', '2026-05-03 10:57:27.252998', '2026-05-03 10:57:27.252998') RETURNING "id" /*action='create',application='Qanda',controller='questions'*/[0m
  ↳ app/controllers/questions_controller.rb:23:in `create'
  [1m[36mTRANSACTION (0.2ms)[0m  [1m[35mCOMMIT TRANSACTION /*action='create',application='Qanda',controller='questions'*/[0m
  ↳ app/controllers/questions_controller.rb:23:in `create'
Redirected to http://127.0.0.1:3000/questions/4
↳ app/controllers/questions_controller.rb:25:in `create'
Completed 302 Found in 5ms (ActiveRecord: 2.1ms (1 query, 0 cached) | GC: 0.0ms)


Started GET "/questions/4" for 127.0.0.1 at 2026-05-03 19:57:27 +0900
Processing by QuestionsController#show as TURBO_STREAM
  Parameters: {"id"=>"4"}
  [1m[36mQuestion Load (0.1ms)[0m  [1m[34mSELECT "questions".* FROM "questions" WHERE "questions"."id" = 4 LIMIT 1 /*action='show',application='Qanda',controller='questions'*/[0m
  ↳ app/controllers/questions_controller.rb:9:in `show'
  Rendering layout layouts/application.html.erb
  Rendering questions/show.html.erb within layouts/application
  Rendered questions/show.html.erb within layouts/application (Duration: 0.0ms | GC: 0.0ms)
  Rendered layout layouts/application.html.erb (Duration: 0.5ms | GC: 0.0ms)
Completed 200 OK in 2ms (Views: 0.7ms | ActiveRecord: 0.1ms (1 query, 0 cached) | GC: 0.0ms)


Started GET "/questions/new" for 127.0.0.1 at 2026-05-03 19:59:36 +0900
Processing by QuestionsController#new as HTML
  Rendering layout layouts/application.html.erb
  Rendering questions/new.html.erb within layouts/application
  Rendered questions/new.html.erb within layouts/application (Duration: 1.3ms | GC: 0.0ms)
  Rendered layout layouts/application.html.erb (Duration: 3.3ms | GC: 0.5ms)
Completed 200 OK in 9ms (Views: 5.1ms | ActiveRecord: 0.7ms (0 queries, 0 cached) | GC: 0.6ms)


Started POST "/questions" for 127.0.0.1 at 2026-05-03 19:59:43 +0900
Processing by QuestionsController#create as TURBO_STREAM
  Parameters: {"authenticity_token"=>"[FILTERED]", "question"=>{"title"=>"dkoajfa", "name"=>"nsjgbslkgb", "content"=>"anlgbfsgblalhalfjhjfas"}, "commit"=>"Create Question"}
  [1m[36mTRANSACTION (0.2ms)[0m  [1m[35mBEGIN immediate TRANSACTION /*action='create',application='Qanda',controller='questions'*/[0m
  ↳ app/controllers/questions_controller.rb:22:in `create'
  [1m[36mQuestion Create (1.7ms)[0m  [1m[32mINSERT INTO "questions" ("name", "title", "content", "created_at", "updated_at") VALUES ('nsjgbslkgb', 'dkoajfa', 'anlgbfsgblalhalfjhjfas', '2026-05-03 10:59:43.600088', '2026-05-03 10:59:43.600088') RETURNING "id" /*action='create',application='Qanda',controller='questions'*/[0m
  ↳ app/controllers/questions_controller.rb:22:in `create'
  [1m[36mTRANSACTION (0.4ms)[0m  [1m[35mCOMMIT TRANSACTION /*action='create',application='Qanda',controller='questions'*/[0m
  ↳ app/controllers/questions_controller.rb:22:in `create'
Redirected to http://127.0.0.1:3000/questions/5
↳ app/controllers/questions_controller.rb:24:in `create'
Completed 302 Found in 7ms (ActiveRecord: 2.3ms (1 query, 0 cached) | GC: 0.0ms)


Started GET "/questions/5" for 127.0.0.1 at 2026-05-03 19:59:43 +0900
Processing by QuestionsController#show as TURBO_STREAM
  Parameters: {"id"=>"5"}
  [1m[36mQuestion Load (0.7ms)[0m  [1m[34mSELECT "questions".* FROM "questions" WHERE "questions"."id" = 5 LIMIT 1 /*action='show',application='Qanda',controller='questions'*/[0m
  ↳ app/controllers/questions_controller.rb:9:in `show'
  Rendering layout layouts/application.html.erb
  Rendering questions/show.html.erb within layouts/application
  Rendered questions/show.html.erb within layouts/application (Duration: 0.4ms | GC: 0.0ms)
  Rendered layout layouts/application.html.erb (Duration: 1.3ms | GC: 0.0ms)
Completed 200 OK in 7ms (Views: 1.7ms | ActiveRecord: 0.7ms (1 query, 0 cached) | GC: 0.0ms)


Started GET "/questions" for 127.0.0.1 at 2026-05-03 20:02:44 +0900
Processing by QuestionsController#index as HTML
  Rendering layout layouts/application.html.erb
  Rendering questions/index.html.erb within layouts/application
  [1m[36mQuestion Load (0.7ms)[0m  [1m[34mSELECT "questions".* FROM "questions" /*action='index',application='Qanda',controller='questions'*/[0m
  ↳ app/views/questions/index.html.erb:10
  Rendered questions/index.html.erb within layouts/application (Duration: 4.5ms | GC: 0.0ms)
  Rendered layout layouts/application.html.erb (Duration: 8.2ms | GC: 0.3ms)
Completed 200 OK in 17ms (Views: 13.5ms | ActiveRecord: 0.8ms (1 query, 0 cached) | GC: 0.3ms)


Started GET "/questions/5" for 127.0.0.1 at 2026-05-03 20:08:57 +0900
Processing by QuestionsController#show as HTML
  Parameters: {"id"=>"5"}
  [1m[36mQuestion Load (2.7ms)[0m  [1m[34mSELECT "questions".* FROM "questions" WHERE "questions"."id" = 5 LIMIT 1 /*action='show',application='Qanda',controller='questions'*/[0m
  ↳ app/controllers/questions_controller.rb:9:in `show'
  Rendering layout layouts/application.html.erb
  Rendering questions/show.html.erb within layouts/application
  Rendered questions/show.html.erb within layouts/application (Duration: 0.7ms | GC: 0.0ms)
  Rendered layout layouts/application.html.erb (Duration: 3.1ms | GC: 0.1ms)
Completed 200 OK in 28ms (Views: 4.9ms | ActiveRecord: 2.7ms (1 query, 0 cached) | GC: 0.6ms)


Started GET "/questions/new" for 127.0.0.1 at 2026-05-03 20:08:58 +0900
Processing by QuestionsController#new as HTML
  Rendering layout layouts/application.html.erb
  Rendering questions/new.html.erb within layouts/application
  Rendered questions/new.html.erb within layouts/application (Duration: 2.2ms | GC: 0.0ms)
  Rendered layout layouts/application.html.erb (Duration: 3.2ms | GC: 0.2ms)
Completed 200 OK in 6ms (Views: 3.7ms | ActiveRecord: 0.0ms (0 queries, 0 cached) | GC: 0.2ms)


Started POST "/questions" for 127.0.0.1 at 2026-05-03 20:08:59 +0900
Processing by QuestionsController#create as TURBO_STREAM
  Parameters: {"authenticity_token"=>"[FILTERED]", "question"=>{"title"=>"", "name"=>"", "content"=>""}, "commit"=>"Create Question"}
  Rendering layout layouts/application.html.erb
  Rendering questions/new.html.erb within layouts/application
  Rendered questions/new.html.erb within layouts/application (Duration: 8.5ms | GC: 1.1ms)
  Rendered layout layouts/application.html.erb (Duration: 10.5ms | GC: 1.1ms)
Completed 422 Unprocessable Content in 18ms (Views: 11.8ms | ActiveRecord: 0.0ms (0 queries, 0 cached) | GC: 1.1ms)


Started POST "/questions" for 127.0.0.1 at 2026-05-03 20:09:36 +0900
Processing by QuestionsController#create as TURBO_STREAM
  Parameters: {"authenticity_token"=>"[FILTERED]", "question"=>{"title"=>"aaa", "name"=>"bbb", "content"=>"vvvv"}, "commit"=>"Create Question"}
  Rendering layout layouts/application.html.erb
  Rendering questions/new.html.erb within layouts/application
  Rendered questions/new.html.erb within layouts/application (Duration: 7.5ms | GC: 0.0ms)
  Rendered layout layouts/application.html.erb (Duration: 9.0ms | GC: 0.0ms)
Completed 422 Unprocessable Content in 20ms (Views: 11.0ms | ActiveRecord: 0.0ms (0 queries, 0 cached) | GC: 0.0ms)


Started GET "/questions/show" for 127.0.0.1 at 2026-05-03 20:10:11 +0900
Processing by QuestionsController#show as HTML
  Parameters: {"id"=>"show"}
  [1m[36mQuestion Load (0.1ms)[0m  [1m[34mSELECT "questions".* FROM "questions" WHERE "questions"."id" = NULL LIMIT 1 /*action='show',application='Qanda',controller='questions'*/[0m
  ↳ app/controllers/questions_controller.rb:9:in `show'
Completed 404 Not Found in 7ms (ActiveRecord: 1.2ms (1 query, 0 cached) | GC: 0.1ms)


  
ActiveRecord::RecordNotFound (Couldn't find Question with 'id'="show"):
  
app/controllers/questions_controller.rb:9:in `show'
Started GET "/questions" for 127.0.0.1 at 2026-05-03 20:10:15 +0900
Processing by QuestionsController#index as HTML
  Rendering layout layouts/application.html.erb
  Rendering questions/index.html.erb within layouts/application
  [1m[36mQuestion Load (0.2ms)[0m  [1m[34mSELECT "questions".* FROM "questions" /*action='index',application='Qanda',controller='questions'*/[0m
  ↳ app/views/questions/index.html.erb:10
  Rendered questions/index.html.erb within layouts/application (Duration: 5.7ms | GC: 0.0ms)
  Rendered layout layouts/application.html.erb (Duration: 10.9ms | GC: 0.0ms)
Completed 200 OK in 17ms (Views: 14.6ms | ActiveRecord: 0.2ms (1 query, 0 cached) | GC: 0.0ms)


Started GET "/questions/1" for 127.0.0.1 at 2026-05-03 20:14:08 +0900
Processing by QuestionsController#show as HTML
  Parameters: {"id"=>"1"}
  [1m[36mQuestion Load (0.1ms)[0m  [1m[34mSELECT "questions".* FROM "questions" WHERE "questions"."id" = 1 LIMIT 1 /*action='show',application='Qanda',controller='questions'*/[0m
  ↳ app/controllers/questions_controller.rb:9:in `show'
  Rendering layout layouts/application.html.erb
  Rendering questions/show.html.erb within layouts/application
  Rendered questions/show.html.erb within layouts/application (Duration: 0.2ms | GC: 0.0ms)
  Rendered layout layouts/application.html.erb (Duration: 2.4ms | GC: 0.0ms)
Completed 200 OK in 11ms (Views: 3.9ms | ActiveRecord: 0.9ms (1 query, 0 cached) | GC: 0.0ms)


Started GET "/questions" for 127.0.0.1 at 2026-05-03 20:14:09 +0900
Processing by QuestionsController#index as HTML
  Rendering layout layouts/application.html.erb
  Rendering questions/index.html.erb within layouts/application
  [1m[36mQuestion Load (0.1ms)[0m  [1m[34mSELECT "questions".* FROM "questions" /*action='index',application='Qanda',controller='questions'*/[0m
  ↳ app/views/questions/index.html.erb:10
  Rendered questions/index.html.erb within layouts/application (Duration: 1.3ms | GC: 0.0ms)
  Rendered layout layouts/application.html.erb (Duration: 1.9ms | GC: 0.0ms)
Completed 200 OK in 3ms (Views: 2.1ms | ActiveRecord: 0.1ms (1 query, 0 cached) | GC: 0.0ms)


Started GET "/questions/1/edit" for 127.0.0.1 at 2026-05-03 20:14:10 +0900
Processing by QuestionsController#edit as HTML
  Parameters: {"id"=>"1"}
  Rendering layout layouts/application.html.erb
  Rendering questions/edit.html.erb within layouts/application
  Rendered questions/edit.html.erb within layouts/application (Duration: 0.2ms | GC: 0.0ms)
  Rendered layout layouts/application.html.erb (Duration: 1.0ms | GC: 0.0ms)
Completed 200 OK in 3ms (Views: 1.5ms | ActiveRecord: 0.0ms (0 queries, 0 cached) | GC: 0.0ms)


Started GET "/questions/2" for 127.0.0.1 at 2026-05-03 20:15:59 +0900
Processing by QuestionsController#show as HTML
  Parameters: {"id"=>"2"}
  [1m[36mQuestion Load (0.1ms)[0m  [1m[34mSELECT "questions".* FROM "questions" WHERE "questions"."id" = 2 LIMIT 1 /*action='show',application='Qanda',controller='questions'*/[0m
  ↳ app/controllers/questions_controller.rb:9:in `show'
  Rendering layout layouts/application.html.erb
  Rendering questions/show.html.erb within layouts/application
  Rendered questions/show.html.erb within layouts/application (Duration: 0.3ms | GC: 0.0ms)
  Rendered layout layouts/application.html.erb (Duration: 5.3ms | GC: 0.0ms)
Completed 200 OK in 13ms (Views: 7.4ms | ActiveRecord: 0.8ms (1 query, 0 cached) | GC: 0.2ms)


Started GET "/questions/2/edit" for 127.0.0.1 at 2026-05-03 20:16:00 +0900
Processing by QuestionsController#edit as HTML
  Parameters: {"id"=>"2"}
  [1m[36mQuestion Load (0.2ms)[0m  [1m[34mSELECT "questions".* FROM "questions" WHERE "questions"."id" = 2 LIMIT 1 /*action='edit',application='Qanda',controller='questions'*/[0m
  ↳ app/controllers/questions_controller.rb:32:in `edit'
  Rendering layout layouts/application.html.erb
  Rendering questions/edit.html.erb within layouts/application
  Rendered questions/edit.html.erb within layouts/application (Duration: 1.7ms | GC: 0.0ms)
  Rendered layout layouts/application.html.erb (Duration: 2.0ms | GC: 0.0ms)
Completed 200 OK in 4ms (Views: 2.3ms | ActiveRecord: 0.2ms (1 query, 0 cached) | GC: 0.0ms)


Started GET "/questions/1/edit" for 127.0.0.1 at 2026-05-03 20:16:01 +0900
Processing by QuestionsController#edit as HTML
  Parameters: {"id"=>"1"}
  [1m[36mQuestion Load (0.1ms)[0m  [1m[34mSELECT "questions".* FROM "questions" WHERE "questions"."id" = 1 LIMIT 1 /*action='edit',application='Qanda',controller='questions'*/[0m
  ↳ app/controllers/questions_controller.rb:32:in `edit'
  Rendering layout layouts/application.html.erb
  Rendering questions/edit.html.erb within layouts/application
  Rendered questions/edit.html.erb within layouts/application (Duration: 1.6ms | GC: 0.5ms)
  Rendered layout layouts/application.html.erb (Duration: 2.1ms | GC: 0.5ms)
Completed 200 OK in 4ms (Views: 2.3ms | ActiveRecord: 0.1ms (1 query, 0 cached) | GC: 0.5ms)


Started PATCH "/questions/1" for 127.0.0.1 at 2026-05-03 20:16:05 +0900
Processing by QuestionsController#update as TURBO_STREAM
  Parameters: {"authenticity_token"=>"[FILTERED]", "question"=>{"title"=>"aaa", "name"=>"sdadaasda", "content"=>"ccc"}, "commit"=>"Update Question", "id"=>"1"}
  [1m[36mQuestion Load (0.2ms)[0m  [1m[34mSELECT "questions".* FROM "questions" WHERE "questions"."id" = 1 LIMIT 1 /*action='update',application='Qanda',controller='questions'*/[0m
  ↳ app/controllers/questions_controller.rb:37:in `update'
  Rendering layout layouts/application.html.erb
  Rendering questions/edit.html.erb within layouts/application
  Rendered questions/edit.html.erb within layouts/application (Duration: 1.2ms | GC: 0.0ms)
  Rendered layout layouts/application.html.erb (Duration: 1.6ms | GC: 0.0ms)
Completed 422 Unprocessable Content in 6ms (Views: 2.2ms | ActiveRecord: 0.2ms (1 query, 0 cached) | GC: 0.0ms)


Started PATCH "/questions/1" for 127.0.0.1 at 2026-05-03 20:16:07 +0900
Processing by QuestionsController#update as TURBO_STREAM
  Parameters: {"authenticity_token"=>"[FILTERED]", "question"=>{"title"=>"aaa", "name"=>"sdadaasda", "content"=>"cccssss"}, "commit"=>"Update Question", "id"=>"1"}
  [1m[36mQuestion Load (0.2ms)[0m  [1m[34mSELECT "questions".* FROM "questions" WHERE "questions"."id" = 1 LIMIT 1 /*action='update',application='Qanda',controller='questions'*/[0m
  ↳ app/controllers/questions_controller.rb:37:in `update'
  [1m[36mTRANSACTION (0.1ms)[0m  [1m[35mBEGIN immediate TRANSACTION /*action='update',application='Qanda',controller='questions'*/[0m
  ↳ app/controllers/questions_controller.rb:38:in `update'
  [1m[36mQuestion Update (1.2ms)[0m  [1m[33mUPDATE "questions" SET "name" = 'sdadaasda', "content" = 'cccssss', "updated_at" = '2026-05-03 11:16:07.975797' WHERE "questions"."id" = 1 /*action='update',application='Qanda',controller='questions'*/[0m
  ↳ app/controllers/questions_controller.rb:38:in `update'
  [1m[36mTRANSACTION (0.6ms)[0m  [1m[35mCOMMIT TRANSACTION /*action='update',application='Qanda',controller='questions'*/[0m
  ↳ app/controllers/questions_controller.rb:38:in `update'
Redirected to http://127.0.0.1:3000/questions/1
↳ app/controllers/questions_controller.rb:39:in `update'
Completed 302 Found in 9ms (ActiveRecord: 2.2ms (2 queries, 0 cached) | GC: 0.6ms)


Started GET "/questions/1" for 127.0.0.1 at 2026-05-03 20:16:07 +0900
Processing by QuestionsController#show as TURBO_STREAM
  Parameters: {"id"=>"1"}
  [1m[36mQuestion Load (0.2ms)[0m  [1m[34mSELECT "questions".* FROM "questions" WHERE "questions"."id" = 1 LIMIT 1 /*action='show',application='Qanda',controller='questions'*/[0m
  ↳ app/controllers/questions_controller.rb:9:in `show'
  Rendering layout layouts/application.html.erb
  Rendering questions/show.html.erb within layouts/application
  Rendered questions/show.html.erb within layouts/application (Duration: 0.1ms | GC: 0.0ms)
  Rendered layout layouts/application.html.erb (Duration: 0.9ms | GC: 0.0ms)
Completed 200 OK in 4ms (Views: 1.3ms | ActiveRecord: 0.1ms (1 query, 0 cached) | GC: 0.0ms)


Started GET "/questions/1/edit" for 127.0.0.1 at 2026-05-03 20:16:13 +0900
Processing by QuestionsController#edit as HTML
  Parameters: {"id"=>"1"}
  [1m[36mQuestion Load (0.3ms)[0m  [1m[34mSELECT "questions".* FROM "questions" WHERE "questions"."id" = 1 LIMIT 1 /*action='edit',application='Qanda',controller='questions'*/[0m
  ↳ app/controllers/questions_controller.rb:32:in `edit'
  Rendering layout layouts/application.html.erb
  Rendering questions/edit.html.erb within layouts/application
  Rendered questions/edit.html.erb within layouts/application (Duration: 4.1ms | GC: 0.5ms)
  Rendered layout layouts/application.html.erb (Duration: 5.7ms | GC: 0.5ms)
Completed 200 OK in 11ms (Views: 6.9ms | ActiveRecord: 0.3ms (1 query, 0 cached) | GC: 0.5ms)


Started GET "/questions" for 127.0.0.1 at 2026-05-03 20:16:14 +0900
Processing by QuestionsController#index as HTML
  Rendering layout layouts/application.html.erb
  Rendering questions/index.html.erb within layouts/application
  [1m[36mQuestion Load (0.2ms)[0m  [1m[34mSELECT "questions".* FROM "questions" /*action='index',application='Qanda',controller='questions'*/[0m
  ↳ app/views/questions/index.html.erb:10
  Rendered questions/index.html.erb within layouts/application (Duration: 3.3ms | GC: 0.0ms)
  Rendered layout layouts/application.html.erb (Duration: 4.3ms | GC: 0.0ms)
Completed 200 OK in 7ms (Views: 4.6ms | ActiveRecord: 0.2ms (1 query, 0 cached) | GC: 0.0ms)


Started GET "/questions/3" for 127.0.0.1 at 2026-05-03 20:16:16 +0900
Processing by QuestionsController#show as HTML
  Parameters: {"id"=>"3"}
  [1m[36mQuestion Load (0.2ms)[0m  [1m[34mSELECT "questions".* FROM "questions" WHERE "questions"."id" = 3 LIMIT 1 /*action='show',application='Qanda',controller='questions'*/[0m
  ↳ app/controllers/questions_controller.rb:9:in `show'
  Rendering layout layouts/application.html.erb
  Rendering questions/show.html.erb within layouts/application
  Rendered questions/show.html.erb within layouts/application (Duration: 0.0ms | GC: 0.0ms)
  Rendered layout layouts/application.html.erb (Duration: 1.6ms | GC: 0.9ms)
Completed 200 OK in 4ms (Views: 2.0ms | ActiveRecord: 0.1ms (1 query, 0 cached) | GC: 0.9ms)


Started GET "/questions/2/edit" for 127.0.0.1 at 2026-05-03 20:16:16 +0900
Processing by QuestionsController#edit as HTML
  Parameters: {"id"=>"2"}
  [1m[36mQuestion Load (0.2ms)[0m  [1m[34mSELECT "questions".* FROM "questions" WHERE "questions"."id" = 2 LIMIT 1 /*action='edit',application='Qanda',controller='questions'*/[0m
  ↳ app/controllers/questions_controller.rb:32:in `edit'
  Rendering layout layouts/application.html.erb
  Rendering questions/edit.html.erb within layouts/application
  Rendered questions/edit.html.erb within layouts/application (Duration: 1.6ms | GC: 0.0ms)
  Rendered layout layouts/application.html.erb (Duration: 2.1ms | GC: 0.0ms)
Completed 200 OK in 5ms (Views: 2.5ms | ActiveRecord: 0.2ms (1 query, 0 cached) | GC: 0.0ms)


Started PATCH "/questions/2" for 127.0.0.1 at 2026-05-03 20:16:20 +0900
Processing by QuestionsController#update as TURBO_STREAM
  Parameters: {"authenticity_token"=>"[FILTERED]", "question"=>{"title"=>"aaa", "name"=>"dadaaafafsa", "content"=>"ccc"}, "commit"=>"Update Question", "id"=>"2"}
  [1m[36mQuestion Load (0.2ms)[0m  [1m[34mSELECT "questions".* FROM "questions" WHERE "questions"."id" = 2 LIMIT 1 /*action='update',application='Qanda',controller='questions'*/[0m
  ↳ app/controllers/questions_controller.rb:37:in `update'
  Rendering layout layouts/application.html.erb
  Rendering questions/edit.html.erb within layouts/application
  Rendered questions/edit.html.erb within layouts/application (Duration: 3.0ms | GC: 0.0ms)
  Rendered layout layouts/application.html.erb (Duration: 3.9ms | GC: 0.0ms)
Completed 422 Unprocessable Content in 10ms (Views: 4.7ms | ActiveRecord: 0.2ms (1 query, 0 cached) | GC: 0.0ms)


Started PATCH "/questions/2" for 127.0.0.1 at 2026-05-03 20:16:22 +0900
Processing by QuestionsController#update as TURBO_STREAM
  Parameters: {"authenticity_token"=>"[FILTERED]", "question"=>{"title"=>"aaa", "name"=>"dadaaafafsa", "content"=>"sadadaccc"}, "commit"=>"Update Question", "id"=>"2"}
  [1m[36mQuestion Load (0.3ms)[0m  [1m[34mSELECT "questions".* FROM "questions" WHERE "questions"."id" = 2 LIMIT 1 /*action='update',application='Qanda',controller='questions'*/[0m
  ↳ app/controllers/questions_controller.rb:37:in `update'
  [1m[36mTRANSACTION (0.1ms)[0m  [1m[35mBEGIN immediate TRANSACTION /*action='update',application='Qanda',controller='questions'*/[0m
  ↳ app/controllers/questions_controller.rb:38:in `update'
  [1m[36mQuestion Update (1.6ms)[0m  [1m[33mUPDATE "questions" SET "name" = 'dadaaafafsa', "content" = 'sadadaccc', "updated_at" = '2026-05-03 11:16:22.991185' WHERE "questions"."id" = 2 /*action='update',application='Qanda',controller='questions'*/[0m
  ↳ app/controllers/questions_controller.rb:38:in `update'
  [1m[36mTRANSACTION (0.3ms)[0m  [1m[35mCOMMIT TRANSACTION /*action='update',application='Qanda',controller='questions'*/[0m
  ↳ app/controllers/questions_controller.rb:38:in `update'
Redirected to http://127.0.0.1:3000/questions/2
↳ app/controllers/questions_controller.rb:39:in `update'
Completed 302 Found in 9ms (ActiveRecord: 2.3ms (2 queries, 0 cached) | GC: 0.0ms)


Started GET "/questions/2" for 127.0.0.1 at 2026-05-03 20:16:23 +0900
Processing by QuestionsController#show as TURBO_STREAM
  Parameters: {"id"=>"2"}
  [1m[36mQuestion Load (0.2ms)[0m  [1m[34mSELECT "questions".* FROM "questions" WHERE "questions"."id" = 2 LIMIT 1 /*action='show',application='Qanda',controller='questions'*/[0m
  ↳ app/controllers/questions_controller.rb:9:in `show'
  Rendering layout layouts/application.html.erb
  Rendering questions/show.html.erb within layouts/application
  Rendered questions/show.html.erb within layouts/application (Duration: 0.1ms | GC: 0.0ms)
  Rendered layout layouts/application.html.erb (Duration: 1.2ms | GC: 0.0ms)
Completed 200 OK in 4ms (Views: 1.6ms | ActiveRecord: 0.1ms (1 query, 0 cached) | GC: 0.0ms)


Started GET "/questions/2/edit" for 127.0.0.1 at 2026-05-03 20:16:25 +0900
Processing by QuestionsController#edit as HTML
  Parameters: {"id"=>"2"}
  [1m[36mQuestion Load (0.2ms)[0m  [1m[34mSELECT "questions".* FROM "questions" WHERE "questions"."id" = 2 LIMIT 1 /*action='edit',application='Qanda',controller='questions'*/[0m
  ↳ app/controllers/questions_controller.rb:32:in `edit'
  Rendering layout layouts/application.html.erb
  Rendering questions/edit.html.erb within layouts/application
  Rendered questions/edit.html.erb within layouts/application (Duration: 1.5ms | GC: 0.0ms)
  Rendered layout layouts/application.html.erb (Duration: 2.0ms | GC: 0.0ms)
Completed 200 OK in 5ms (Views: 2.3ms | ActiveRecord: 0.2ms (1 query, 0 cached) | GC: 0.0ms)


Started GET "/questions" for 127.0.0.1 at 2026-05-03 20:16:25 +0900
Processing by QuestionsController#index as HTML
  Rendering layout layouts/application.html.erb
  Rendering questions/index.html.erb within layouts/application
  [1m[36mQuestion Load (0.1ms)[0m  [1m[34mSELECT "questions".* FROM "questions" /*action='index',application='Qanda',controller='questions'*/[0m
  ↳ app/views/questions/index.html.erb:10
  Rendered questions/index.html.erb within layouts/application (Duration: 1.1ms | GC: 0.0ms)
  Rendered layout layouts/application.html.erb (Duration: 1.9ms | GC: 0.0ms)
Completed 200 OK in 4ms (Views: 2.4ms | ActiveRecord: 0.1ms (1 query, 0 cached) | GC: 0.0ms)


Started GET "/questions/1" for 127.0.0.1 at 2026-05-03 20:19:10 +0900
Processing by QuestionsController#show as HTML
  Parameters: {"id"=>"1"}
  [1m[36mQuestion Load (0.0ms)[0m  [1m[34mSELECT "questions".* FROM "questions" WHERE "questions"."id" = 1 LIMIT 1 /*action='show',application='Qanda',controller='questions'*/[0m
  ↳ app/controllers/questions_controller.rb:9:in `show'
  Rendering layout layouts/application.html.erb
  Rendering questions/show.html.erb within layouts/application
  Rendered questions/show.html.erb within layouts/application (Duration: 0.2ms | GC: 0.0ms)
  Rendered layout layouts/application.html.erb (Duration: 1.7ms | GC: 0.0ms)
Completed 200 OK in 8ms (Views: 3.2ms | ActiveRecord: 0.6ms (1 query, 0 cached) | GC: 0.2ms)


Started GET "/questions" for 127.0.0.1 at 2026-05-03 20:19:11 +0900
Processing by QuestionsController#index as HTML
  Rendering layout layouts/application.html.erb
  Rendering questions/index.html.erb within layouts/application
  [1m[36mQuestion Load (0.2ms)[0m  [1m[34mSELECT "questions".* FROM "questions" /*action='index',application='Qanda',controller='questions'*/[0m
  ↳ app/views/questions/index.html.erb:10
  Rendered questions/index.html.erb within layouts/application (Duration: 3.6ms | GC: 0.0ms)
  Rendered layout layouts/application.html.erb (Duration: 4.8ms | GC: 0.0ms)
Completed 200 OK in 8ms (Views: 5.3ms | ActiveRecord: 0.2ms (1 query, 0 cached) | GC: 0.3ms)


Started GET "/questions/1" for 127.0.0.1 at 2026-05-03 20:19:14 +0900
Processing by QuestionsController#show as HTML
  Parameters: {"id"=>"1"}
  [1m[36mQuestion Load (0.3ms)[0m  [1m[34mSELECT "questions".* FROM "questions" WHERE "questions"."id" = 1 LIMIT 1 /*action='show',application='Qanda',controller='questions'*/[0m
  ↳ app/controllers/questions_controller.rb:9:in `show'
  Rendering layout layouts/application.html.erb
  Rendering questions/show.html.erb within layouts/application
  Rendered questions/show.html.erb within layouts/application (Duration: 0.1ms | GC: 0.0ms)
  Rendered layout layouts/application.html.erb (Duration: 1.6ms | GC: 0.0ms)
Completed 200 OK in 5ms (Views: 2.3ms | ActiveRecord: 0.3ms (1 query, 0 cached) | GC: 0.0ms)


Started GET "/questions" for 127.0.0.1 at 2026-05-03 20:20:04 +0900
Processing by QuestionsController#index as HTML
  Rendering layout layouts/application.html.erb
  Rendering questions/index.html.erb within layouts/application
  [1m[36mQuestion Load (1.3ms)[0m  [1m[34mSELECT "questions".* FROM "questions" /*action='index',application='Qanda',controller='questions'*/[0m
  ↳ app/views/questions/index.html.erb:10
  Rendered questions/index.html.erb within layouts/application (Duration: 7.2ms | GC: 0.0ms)
  Rendered layout layouts/application.html.erb (Duration: 9.6ms | GC: 0.0ms)
Completed 200 OK in 23ms (Views: 10.5ms | ActiveRecord: 1.5ms (1 query, 0 cached) | GC: 0.9ms)


Started GET "/questions/3/edit" for 127.0.0.1 at 2026-05-03 20:20:05 +0900
Processing by QuestionsController#edit as HTML
  Parameters: {"id"=>"3"}
  [1m[36mQuestion Load (0.1ms)[0m  [1m[34mSELECT "questions".* FROM "questions" WHERE "questions"."id" = 3 LIMIT 1 /*action='edit',application='Qanda',controller='questions'*/[0m
  ↳ app/controllers/questions_controller.rb:32:in `edit'
  Rendering layout layouts/application.html.erb
  Rendering questions/edit.html.erb within layouts/application
  Rendered questions/edit.html.erb within layouts/application (Duration: 4.0ms | GC: 0.0ms)
  Rendered layout layouts/application.html.erb (Duration: 4.4ms | GC: 0.0ms)
Completed 200 OK in 8ms (Views: 4.8ms | ActiveRecord: 0.1ms (1 query, 0 cached) | GC: 0.0ms)


Started GET "/questions/3" for 127.0.0.1 at 2026-05-03 20:20:06 +0900
Processing by QuestionsController#show as HTML
  Parameters: {"id"=>"3"}
  [1m[36mQuestion Load (0.4ms)[0m  [1m[34mSELECT "questions".* FROM "questions" WHERE "questions"."id" = 3 LIMIT 1 /*action='show',application='Qanda',controller='questions'*/[0m
  ↳ app/controllers/questions_controller.rb:9:in `show'
  Rendering layout layouts/application.html.erb
  Rendering questions/show.html.erb within layouts/application
  Rendered questions/show.html.erb within layouts/application (Duration: 0.4ms | GC: 0.0ms)
  Rendered layout layouts/application.html.erb (Duration: 1.5ms | GC: 0.0ms)
Completed 200 OK in 7ms (Views: 2.0ms | ActiveRecord: 0.4ms (1 query, 0 cached) | GC: 0.0ms)


Started GET "/questions" for 127.0.0.1 at 2026-05-03 20:20:09 +0900
Processing by QuestionsController#index as HTML
  Rendering layout layouts/application.html.erb
  Rendering questions/index.html.erb within layouts/application
  [1m[36mQuestion Load (0.2ms)[0m  [1m[34mSELECT "questions".* FROM "questions" /*action='index',application='Qanda',controller='questions'*/[0m
  ↳ app/views/questions/index.html.erb:10
  Rendered questions/index.html.erb within layouts/application (Duration: 2.2ms | GC: 0.0ms)
  Rendered layout layouts/application.html.erb (Duration: 3.6ms | GC: 0.0ms)
Completed 200 OK in 5ms (Views: 3.9ms | ActiveRecord: 0.2ms (1 query, 0 cached) | GC: 0.0ms)


Started GET "/questions" for 127.0.0.1 at 2026-05-03 20:20:10 +0900
Processing by QuestionsController#index as HTML
  Rendering layout layouts/application.html.erb
  Rendering questions/index.html.erb within layouts/application
  [1m[36mQuestion Load (0.1ms)[0m  [1m[34mSELECT "questions".* FROM "questions" /*action='index',application='Qanda',controller='questions'*/[0m
  ↳ app/views/questions/index.html.erb:10
  Rendered questions/index.html.erb within layouts/application (Duration: 1.4ms | GC: 0.0ms)
  Rendered layout layouts/application.html.erb (Duration: 2.3ms | GC: 0.0ms)
Completed 200 OK in 4ms (Views: 2.6ms | ActiveRecord: 0.1ms (1 query, 0 cached) | GC: 0.0ms)


Started GET "/questions/1" for 127.0.0.1 at 2026-05-03 20:20:11 +0900
Processing by QuestionsController#show as HTML
  Parameters: {"id"=>"1"}
  [1m[36mQuestion Load (0.2ms)[0m  [1m[34mSELECT "questions".* FROM "questions" WHERE "questions"."id" = 1 LIMIT 1 /*action='show',application='Qanda',controller='questions'*/[0m
  ↳ app/controllers/questions_controller.rb:9:in `show'
  Rendering layout layouts/application.html.erb
  Rendering questions/show.html.erb within layouts/application
  Rendered questions/show.html.erb within layouts/application (Duration: 0.1ms | GC: 0.0ms)
  Rendered layout layouts/application.html.erb (Duration: 1.9ms | GC: 0.0ms)
Completed 200 OK in 6ms (Views: 2.7ms | ActiveRecord: 0.2ms (1 query, 0 cached) | GC: 0.0ms)


Started GET "/questions/1" for 127.0.0.1 at 2026-05-03 20:20:14 +0900
Processing by QuestionsController#show as HTML
  Parameters: {"id"=>"1"}
  [1m[36mQuestion Load (0.2ms)[0m  [1m[34mSELECT "questions".* FROM "questions" WHERE "questions"."id" = 1 LIMIT 1 /*action='show',application='Qanda',controller='questions'*/[0m
  ↳ app/controllers/questions_controller.rb:9:in `show'
  Rendering layout layouts/application.html.erb
  Rendering questions/show.html.erb within layouts/application
  Rendered questions/show.html.erb within layouts/application (Duration: 0.0ms | GC: 0.0ms)
  Rendered layout layouts/application.html.erb (Duration: 0.9ms | GC: 0.0ms)
Completed 200 OK in 4ms (Views: 1.3ms | ActiveRecord: 0.2ms (1 query, 0 cached) | GC: 0.0ms)


Started GET "/questions" for 127.0.0.1 at 2026-05-03 20:20:15 +0900
Processing by QuestionsController#index as HTML
  Rendering layout layouts/application.html.erb
  Rendering questions/index.html.erb within layouts/application
  [1m[36mQuestion Load (0.1ms)[0m  [1m[34mSELECT "questions".* FROM "questions" /*action='index',application='Qanda',controller='questions'*/[0m
  ↳ app/views/questions/index.html.erb:10
  Rendered questions/index.html.erb within layouts/application (Duration: 1.4ms | GC: 0.0ms)
  Rendered layout layouts/application.html.erb (Duration: 2.4ms | GC: 0.0ms)
Completed 200 OK in 5ms (Views: 2.8ms | ActiveRecord: 0.1ms (1 query, 0 cached) | GC: 0.7ms)


Started GET "/questions" for 127.0.0.1 at 2026-05-03 20:21:33 +0900
Processing by QuestionsController#index as HTML
  Rendering layout layouts/application.html.erb
  Rendering questions/index.html.erb within layouts/application
  [1m[36mQuestion Load (0.7ms)[0m  [1m[34mSELECT "questions".* FROM "questions" /*action='index',application='Qanda',controller='questions'*/[0m
  ↳ app/views/questions/index.html.erb:10
  Rendered questions/index.html.erb within layouts/application (Duration: 4.4ms | GC: 0.2ms)
  Rendered layout layouts/application.html.erb (Duration: 6.5ms | GC: 0.2ms)
Completed 200 OK in 12ms (Views: 7.2ms | ActiveRecord: 0.9ms (1 query, 0 cached) | GC: 0.4ms)


Started GET "/questions/1" for 127.0.0.1 at 2026-05-03 20:21:35 +0900
Processing by QuestionsController#show as HTML
  Parameters: {"id"=>"1"}
  [1m[36mQuestion Load (0.2ms)[0m  [1m[34mSELECT "questions".* FROM "questions" WHERE "questions"."id" = 1 LIMIT 1 /*action='show',application='Qanda',controller='questions'*/[0m
  ↳ app/controllers/questions_controller.rb:9:in `show'
  Rendering layout layouts/application.html.erb
  Rendering questions/show.html.erb within layouts/application
  Rendered questions/show.html.erb within layouts/application (Duration: 0.4ms | GC: 0.0ms)
  Rendered layout layouts/application.html.erb (Duration: 1.5ms | GC: 0.0ms)
Completed 200 OK in 7ms (Views: 2.1ms | ActiveRecord: 0.2ms (1 query, 0 cached) | GC: 0.0ms)


Started GET "/questions" for 127.0.0.1 at 2026-05-03 20:21:43 +0900
  [1m[36mActiveRecord::SchemaMigration Load (0.1ms)[0m  [1m[34mSELECT "schema_migrations"."version" FROM "schema_migrations" ORDER BY "schema_migrations"."version" ASC /*application='Qanda'*/[0m
Processing by QuestionsController#index as HTML
  Rendering layout layouts/application.html.erb
  Rendering questions/index.html.erb within layouts/application
  [1m[36mQuestion Load (0.5ms)[0m  [1m[34mSELECT "questions".* FROM "questions" /*action='index',application='Qanda',controller='questions'*/[0m
  ↳ app/views/questions/index.html.erb:10
  Rendered questions/index.html.erb within layouts/application (Duration: 4.1ms | GC: 0.0ms)
  Rendered layout layouts/application.html.erb (Duration: 21.9ms | GC: 8.6ms)
Completed 200 OK in 39ms (Views: 22.7ms | ActiveRecord: 1.0ms (1 query, 0 cached) | GC: 8.6ms)


Started GET "/questions/1" for 127.0.0.1 at 2026-05-03 20:21:45 +0900
Processing by QuestionsController#show as HTML
  Parameters: {"id"=>"1"}
  [1m[36mQuestion Load (0.2ms)[0m  [1m[34mSELECT "questions".* FROM "questions" WHERE "questions"."id" = 1 LIMIT 1 /*action='show',application='Qanda',controller='questions'*/[0m
  ↳ app/controllers/questions_controller.rb:9:in `show'
  Rendering layout layouts/application.html.erb
  Rendering questions/show.html.erb within layouts/application
  Rendered questions/show.html.erb within layouts/application (Duration: 0.4ms | GC: 0.0ms)
  Rendered layout layouts/application.html.erb (Duration: 2.2ms | GC: 0.5ms)
Completed 200 OK in 10ms (Views: 2.8ms | ActiveRecord: 0.2ms (1 query, 0 cached) | GC: 0.5ms)


Started GET "/questions" for 127.0.0.1 at 2026-05-03 20:22:31 +0900
Processing by QuestionsController#index as HTML
  Rendering layout layouts/application.html.erb
  Rendering questions/index.html.erb within layouts/application
  [1m[36mQuestion Load (1.7ms)[0m  [1m[34mSELECT "questions".* FROM "questions" /*action='index',application='Qanda',controller='questions'*/[0m
  ↳ app/views/questions/index.html.erb:10
  Rendered questions/index.html.erb within layouts/application (Duration: 18.0ms | GC: 7.4ms)
  Rendered layout layouts/application.html.erb (Duration: 23.3ms | GC: 9.2ms)
Completed 200 OK in 30ms (Views: 23.2ms | ActiveRecord: 2.1ms (1 query, 0 cached) | GC: 12.0ms)


Started DELETE "/questions/1?_method=delete" for 127.0.0.1 at 2026-05-03 20:22:34 +0900
Processing by QuestionsController#destroy as TURBO_STREAM
  Parameters: {"id"=>"1"}
  [1m[36mQuestion Load (0.2ms)[0m  [1m[34mSELECT "questions".* FROM "questions" WHERE "questions"."id" = 1 LIMIT 1 /*action='destroy',application='Qanda',controller='questions'*/[0m
  ↳ app/controllers/questions_controller.rb:47:in `destroy'
  [1m[36mTRANSACTION (0.1ms)[0m  [1m[35mBEGIN immediate TRANSACTION /*action='destroy',application='Qanda',controller='questions'*/[0m
  ↳ app/controllers/questions_controller.rb:48:in `destroy'
  [1m[36mQuestion Destroy (1.0ms)[0m  [1m[31mDELETE FROM "questions" WHERE "questions"."id" = 1 /*action='destroy',application='Qanda',controller='questions'*/[0m
  ↳ app/controllers/questions_controller.rb:48:in `destroy'
  [1m[36mTRANSACTION (0.5ms)[0m  [1m[35mCOMMIT TRANSACTION /*action='destroy',application='Qanda',controller='questions'*/[0m
  ↳ app/controllers/questions_controller.rb:48:in `destroy'
Redirected to http://127.0.0.1:3000/questions
↳ app/controllers/questions_controller.rb:49:in `destroy'
Completed 302 Found in 7ms (ActiveRecord: 1.7ms (2 queries, 0 cached) | GC: 0.0ms)


Started GET "/questions" for 127.0.0.1 at 2026-05-03 20:22:34 +0900
Processing by QuestionsController#index as TURBO_STREAM
  Rendering layout layouts/application.html.erb
  Rendering questions/index.html.erb within layouts/application
  [1m[36mQuestion Load (0.1ms)[0m  [1m[34mSELECT "questions".* FROM "questions" /*action='index',application='Qanda',controller='questions'*/[0m
  ↳ app/views/questions/index.html.erb:10
  Rendered questions/index.html.erb within layouts/application (Duration: 2.0ms | GC: 0.3ms)
  Rendered layout layouts/application.html.erb (Duration: 6.7ms | GC: 0.3ms)
Completed 200 OK in 8ms (Views: 7.0ms | ActiveRecord: 0.1ms (1 query, 0 cached) | GC: 0.3ms)


